#
# There is insufficient memory for the Java Runtime Environment to continue.
# Native memory allocation (mmap) failed to map 268435456 bytes for Failed to commit area from 0x0000000701200000 to 0x0000000711200000 of length 268435456.
# Possible reasons:
#   The system is out of physical RAM or swap space
#   The process is running with CompressedOops enabled, and the Java Heap may be blocking the growth of the native heap
# Possible solutions:
#   Reduce memory load on the system
#   Increase physical memory or swap space
#   Check if swap backing store is full
#   Decrease Java heap size (-Xmx/-Xms)
#   Decrease number of Java threads
#   Decrease Java thread stack sizes (-Xss)
#   Set larger code cache with -XX:ReservedCodeCacheSize=
#   JVM is running with Zero Based Compressed Oops mode in which the Java heap is
#     placed in the first 32GB address space. The Java Heap base address is the
#     maximum limit for the native heap growth. Please use -XX:HeapBaseMinAddress
#     to set the Java Heap base and to place the Java Heap above 32GB virtual address.
# This output file may be truncated or incomplete.
#
#  Out of Memory Error (t:/workspace/open/src/hotspot/os/windows/os_windows.cpp:3315), pid=149976, tid=141360
#
# JRE version:  (14.0+36) (build )
# Java VM: OpenJDK 64-Bit Server VM (14+36-1461, mixed mode, sharing, tiered, compressed oops, g1 gc, windows-amd64)
# No core dump will be written. Minidumps are not enabled by default on client versions of Windows
#

---------------  S U M M A R Y ------------

Command Line: org.jetbrains.kotlin.cli.jvm.K2JVMCompiler -Xallow-no-source-files -classpath C:\Users\BartArys\.gradle\caches\modules-2\files-2.1\org.jetbrains.kotlin\kotlin-stdlib-jdk8\1.3.70\c706d9a12aa043400daacbb15b61ba662a1eb9a9\kotlin-stdlib-jdk8-1.3.70.jar;C:\Users\BartArys\.gradle\caches\modules-2\files-2.1\org.jetbrains.kotlinx\kotlinx-serialization-runtime\0.20.0\fa78723d3114632b1563f0701162dee0d4d8d5ea\kotlinx-serialization-runtime-0.20.0.jar;C:\Users\BartArys\.gradle\caches\modules-2\files-2.1\org.jetbrains.kotlinx\kotlinx-coroutines-core\1.3.4\21598c7ceabbcafb953cd151cd5ad44615a253c0\kotlinx-coroutines-core-1.3.4.jar;C:\Users\BartArys\.gradle\caches\modules-2\files-2.1\io.github.microutils\kotlin-logging\1.7.8\f1b6b8294cd2be6bb690b87b46e829128714f95d\kotlin-logging-1.7.8.jar;C:\Users\BartArys\.gradle\caches\modules-2\files-2.1\org.jetbrains.kotlin\kotlin-stdlib-jdk7\1.3.70\95aee922bc2a0fff3b7bfa1b6503ff0afe38264a\kotlin-stdlib-jdk7-1.3.70.jar;C:\Users\BartArys\.gradle\caches\modules-2\files-2.1\org.jetbrains.kotlin\kotlin-stdlib\1.3.70\e5d97e25bb5b30dcfc022ec1c8f3959a875257fb\kotlin-stdlib-1.3.70.jar;C:\Users\BartArys\.gradle\caches\modules-2\files-2.1\org.jetbrains.kotlin\kotlin-stdlib-common\1.3.70\3fa8dd6c896d635e78201e5e811545f3846dec04\kotlin-stdlib-common-1.3.70.jar;C:\Users\BartArys\.gradle\caches\modules-2\files-2.1\org.slf4j\slf4j-api\1.7.29\e56bf4473a4c6b71c7dd397a833dce86d1993d9d\slf4j-api-1.7.29.jar;C:\Users\BartArys\.gradle\caches\modules-2\files-2.1\org.jetbrains\annotations\13.0\919f0dfe192fb4e063e7dacadee7f8bb9a2672a9\annotations-13.0.jar -d C:\Users\BartArys\Documents\GitHub\kord\common\build\classes\kotlin\main -jvm-target 1.8 -module-name common -no-reflect -no-stdlib -Xplugin=C:\Users\BartArys\.gradle\caches\modules-2\files-2.1\org.jetbrains.kotlin\kotlin-script-runtime\1.3.70\28a3923786ef1a651ebea81ff0f211dfd7436070\kotlin-script-runtime-1.3.70.jar,C:\Users\BartArys\.gradle\caches\modules-2\files-2.1\org.jetbrains.kotlin\kotlin-scripting-common\1.3.70\74a96e3d496437e9b9bb02433f997b7e8868b36e\kotlin-scripting-common-1.3.70.jar,C:\Users\BartArys\.gradle\caches\modules-2\files-2.1\org.jetbrains.kotlin\kotlin-scripting-compiler-embeddable\1.3.70\58cca8e23668d6b0938be1a4e17f672b04cfcc68\kotlin-scripting-compiler-embeddable-1.3.70.jar,C:\Users\BartArys\.gradle\caches\modules-2\files-2.1\org.jetbrains.kotlin\kotlin-scripting-compiler-impl-embeddable\1.3.70\800e7611e0cf3eb6ee8e05eba1915230d1c9d1d7\kotlin-scripting-compiler-impl-embeddable-1.3.70.jar,C:\Users\BartArys\.gradle\caches\modules-2\files-2.1\org.jetbrains.kotlin\kotlin-scripting-jvm\1.3.70\b2af86b5d6380cbf6a0eb6d15fec26cd48b20869\kotlin-scripting-jvm-1.3.70.jar,C:\Users\BartArys\.gradle\caches\modules-2\files-2.1\org.jetbrains.kotlin\kotlin-serialization\1.3.70\7bb17100e5ce60ae84793401251d235f94643fb8\kotlin-serialization-1.3.70.jar,C:\Users\BartArys\.gradle\caches\modules-2\files-2.1\org.jetbrains.kotlin\kotlin-stdlib-common\1.3.70\3fa8dd6c896d635e78201e5e811545f3846dec04\kotlin-stdlib-common-1.3.70.jar,C:\Users\BartArys\.gradle\caches\modules-2\files-2.1\org.jetbrains.kotlin\kotlin-stdlib\1.3.70\e5d97e25bb5b30dcfc022ec1c8f3959a875257fb\kotlin-stdlib-1.3.70.jar,C:\Users\BartArys\.gradle\caches\modules-2\files-2.1\org.jetbrains.kotlinx\kotlinx-coroutines-core\1.2.1\3839faf625f4197acaeceeb6da000f011a2acb49\kotlinx-coroutines-core-1.2.1.jar,C:\Users\BartArys\.gradle\caches\modules-2\files-2.1\org.jetbrains\annotations\13.0\919f0dfe192fb4e063e7dacadee7f8bb9a2672a9\annotations-13.0.jar -XXLanguage:+InlineClasses -Xopt-in=kotlinx.coroutines.ExperimentalCoroutinesApi -Xopt-in=kotlin.time.ExperimentalTime C:\Users\BartArys\Documents\GitHub\kord\common\src\main\kotlin\com\gitlab\kordlib\common\annotation\Annotations.kt C:\Users\BartArys\Documents\GitHub\kord\common\src\main\kotlin\com\gitlab\kordlib\common\entity\Data.kt C:\Users\BartArys\Documents\GitHub\kord\common\src\main\kotlin\com\gitlab\kordlib\common\entity\DiscordActivity.kt C:\Users\BartArys\Documents\GitHub\kord\common\src\main\kotlin\com\gitlab\kordlib\common\entity\DiscordChannel.kt C:\Users\BartArys\Documents\GitHub\kord\common\src\main\kotlin\com\gitlab\kordlib\common\entity\DiscordEmoji.kt C:\Users\BartArys\Documents\GitHub\kord\common\src\main\kotlin\com\gitlab\kordlib\common\entity\DiscordGuild.kt C:\Users\BartArys\Documents\GitHub\kord\common\src\main\kotlin\com\gitlab\kordlib\common\entity\DiscordGuildPreview.kt C:\Users\BartArys\Documents\GitHub\kord\common\src\main\kotlin\com\gitlab\kordlib\common\entity\DiscordMessage.kt C:\Users\BartArys\Documents\GitHub\kord\common\src\main\kotlin\com\gitlab\kordlib\common\entity\DiscordRole.kt C:\Users\BartArys\Documents\GitHub\kord\common\src\main\kotlin\com\gitlab\kordlib\common\entity\DiscordShard.kt C:\Users\BartArys\Documents\GitHub\kord\common\src\main\kotlin\com\gitlab\kordlib\common\entity\DiscordUser.kt C:\Users\BartArys\Documents\GitHub\kord\common\src\main\kotlin\com\gitlab\kordlib\common\entity\DiscordWebhook.kt C:\Users\BartArys\Documents\GitHub\kord\common\src\main\kotlin\com\gitlab\kordlib\common\entity\Invite.kt C:\Users\BartArys\Documents\GitHub\kord\common\src\main\kotlin\com\gitlab\kordlib\common\entity\Member.kt C:\Users\BartArys\Documents\GitHub\kord\common\src\main\kotlin\com\gitlab\kordlib\common\entity\Permission.kt C:\Users\BartArys\Documents\GitHub\kord\common\src\main\kotlin\com\gitlab\kordlib\common\entity\Presence.kt C:\Users\BartArys\Documents\GitHub\kord\common\src\main\kotlin\com\gitlab\kordlib\common\entity\Snowflake.kt C:\Users\BartArys\Documents\GitHub\kord\common\src\main\kotlin\com\gitlab\kordlib\common\exception\RequestException.kt C:\Users\BartArys\Documents\GitHub\kord\common\src\main\kotlin\com\gitlab\kordlib\common\ratelimit\BucketRateLimiter.kt C:\Users\BartArys\Documents\GitHub\kord\common\src\main\kotlin\com\gitlab\kordlib\common\ratelimit\RateLimiter.kt

Host: Intel(R) Core(TM) i7-8750H CPU @ 2.20GHz, 12 cores, 15G,  Windows 10 , 64 bit Build 19041 (10.0.19041.207)
Time: Sun Jun 14 16:00:42 2020 West-Europa (zomertijd) elapsed time: 0 seconds (0d 0h 0m 0s)

---------------  T H R E A D  ---------------

Current thread (0x000002e1a8c9e800):  JavaThread "Unknown thread" [_thread_in_vm, id=141360, stack(0x000000e2e8a00000,0x000000e2e8b00000)]

Stack: [0x000000e2e8a00000,0x000000e2e8b00000]
Native frames: (J=compiled Java code, j=interpreted, Vv=VM code, C=native code)
V  [jvm.dll+0x5f83ea]
V  [jvm.dll+0x741e2a]
V  [jvm.dll+0x7435df]
V  [jvm.dll+0x743c23]
V  [jvm.dll+0x20d268]
V  [jvm.dll+0x5f579a]
V  [jvm.dll+0x5ea5f5]
V  [jvm.dll+0x2c7e7c]
V  [jvm.dll+0x2c7cb2]
V  [jvm.dll+0x2cdb9c]
V  [jvm.dll+0x313fd8]
V  [jvm.dll+0x313700]
V  [jvm.dll+0x2a090a]
V  [jvm.dll+0x2a1a59]
V  [jvm.dll+0x71f6f8]
V  [jvm.dll+0x321c24]
V  [jvm.dll+0x700aec]
V  [jvm.dll+0x392ddf]
V  [jvm.dll+0x394e51]
C  [jli.dll+0x523b]
C  [ucrtbase.dll+0x21542]
C  [KERNEL32.DLL+0x16fd4]
C  [ntdll.dll+0x4cec1]


---------------  P R O C E S S  ---------------

Threads class SMR info:
_java_thread_list=0x00007ffdd2134078, length=0, elements={
}

Java Threads: ( => current thread )

Other Threads:
  0x000002e1a8d08000 GCTaskThread "GC Thread#0" [stack: 0x000000e2e8b00000,0x000000e2e8c00000] [id=5232]
  0x000002e1a8d2a800 ConcurrentGCThread "G1 Main Marker" [stack: 0x000000e2e8c00000,0x000000e2e8d00000] [id=124680]
  0x000002e1a8d2c000 ConcurrentGCThread "G1 Conc#0" [stack: 0x000000e2e8d00000,0x000000e2e8e00000] [id=63984]

[error occurred during error reporting (printing all threads), id 0xc0000005, EXCEPTION_ACCESS_VIOLATION (0xc0000005) at pc=0x00007ffdd1961237]

VM state:not at safepoint (not fully initialized)

VM Mutex/Monitor currently owned by a thread:  ([mutex/lock_event])
[0x000002e1a8c8f5d0] Heap_lock - owner thread: 0x000002e1a8c9e800

Heap address: 0x0000000701200000, size: 4078 MB, Compressed Oops mode: Zero based, Oop shift amount: 3
Narrow klass base: 0x0000000000000000, Narrow klass shift: 0

GC Heap History (0 events):
No events

Deoptimization events (0 events):
No events

Classes unloaded (0 events):
No events

Classes redefined (0 events):
No events

Internal exceptions (0 events):
No events

Events (2 events):
Event: 0.012 Loaded shared library C:\Users\BartArys\scoop\apps\openjdk\current\bin\java.dll
Event: 0.013 Loaded shared library C:\Users\BartArys\scoop\apps\openjdk\current\bin\zip.dll


Dynamic libraries:
0x00007ff73ab80000 - 0x00007ff73ab8d000 	C:\Users\BartArys\scoop\apps\openjdk\current\bin\java.exe
0x00007ffe2ea30000 - 0x00007ffe2ec24000 	C:\WINDOWS\SYSTEM32\ntdll.dll
0x00007ffe2d7f0000 - 0x00007ffe2d8ad000 	C:\WINDOWS\System32\KERNEL32.DLL
0x00007ffe2c440000 - 0x00007ffe2c707000 	C:\WINDOWS\System32\KERNELBASE.dll
0x00007ffe2c210000 - 0x00007ffe2c310000 	C:\WINDOWS\System32\ucrtbase.dll
0x00007ffe17680000 - 0x00007ffe17698000 	C:\Users\BartArys\scoop\apps\openjdk\current\bin\jli.dll
0x00007ffe1e780000 - 0x00007ffe1e795000 	C:\Users\BartArys\scoop\apps\openjdk\current\bin\VCRUNTIME140.dll
0x00007ffe2d650000 - 0x00007ffe2d7f0000 	C:\WINDOWS\System32\USER32.dll
0x00007ffe1abd0000 - 0x00007ffe1ae6a000 	C:\WINDOWS\WinSxS\amd64_microsoft.windows.common-controls_6595b64144ccf1df_6.0.19041.1_none_b555e41d4684ddec\COMCTL32.dll
0x00007ffe2c710000 - 0x00007ffe2c732000 	C:\WINDOWS\System32\win32u.dll
0x00007ffe2e600000 - 0x00007ffe2e62a000 	C:\WINDOWS\System32\GDI32.dll
0x00007ffe2d990000 - 0x00007ffe2da2e000 	C:\WINDOWS\System32\msvcrt.dll
0x00007ffe2c980000 - 0x00007ffe2ca8a000 	C:\WINDOWS\System32\gdi32full.dll
0x00007ffe2c170000 - 0x00007ffe2c20d000 	C:\WINDOWS\System32\msvcp_win.dll
0x00007ffe2df10000 - 0x00007ffe2df40000 	C:\WINDOWS\System32\IMM32.DLL
0x00007ffdf14e0000 - 0x00007ffdf157b000 	C:\Users\BartArys\scoop\apps\openjdk\current\bin\msvcp140.dll
0x00007ffdd16b0000 - 0x00007ffdd21cf000 	C:\Users\BartArys\scoop\apps\openjdk\current\bin\server\jvm.dll
0x00007ffe2de60000 - 0x00007ffe2df0a000 	C:\WINDOWS\System32\ADVAPI32.dll
0x00007ffe2dd10000 - 0x00007ffe2ddab000 	C:\WINDOWS\System32\sechost.dll
0x00007ffe2cc80000 - 0x00007ffe2cda3000 	C:\WINDOWS\System32\RPCRT4.dll
0x00007ffe2df40000 - 0x00007ffe2df48000 	C:\WINDOWS\System32\PSAPI.DLL
0x00007ffe1a750000 - 0x00007ffe1a759000 	C:\WINDOWS\SYSTEM32\WSOCK32.dll
0x00007ffe204a0000 - 0x00007ffe204c7000 	C:\WINDOWS\SYSTEM32\WINMM.dll
0x00007ffe23980000 - 0x00007ffe2398a000 	C:\WINDOWS\SYSTEM32\VERSION.dll
0x00007ffe2e030000 - 0x00007ffe2e09b000 	C:\WINDOWS\System32\WS2_32.dll
0x00007ffe2aa90000 - 0x00007ffe2aaa3000 	C:\WINDOWS\SYSTEM32\kernel.appcore.dll
0x00007ffe1e610000 - 0x00007ffe1e61a000 	C:\Users\BartArys\scoop\apps\openjdk\current\bin\jimage.dll
0x00007ffe2a770000 - 0x00007ffe2a954000 	C:\WINDOWS\SYSTEM32\DBGHELP.DLL
0x00007ffe22a60000 - 0x00007ffe22a8c000 	C:\WINDOWS\SYSTEM32\dbgcore.DLL
0x00007ffe2c3c0000 - 0x00007ffe2c43f000 	C:\WINDOWS\System32\bcryptPrimitives.dll
0x00007ffe12120000 - 0x00007ffe12145000 	C:\Users\BartArys\scoop\apps\openjdk\current\bin\java.dll
0x00007ffe14c90000 - 0x00007ffe14ca7000 	C:\Users\BartArys\scoop\apps\openjdk\current\bin\zip.dll

dbghelp: loaded successfully - version: 4.0.5 - missing functions: none
symbol engine: initialized successfully - sym options: 0x614 - pdb path: .;C:\Users\BartArys\scoop\apps\openjdk\current\bin;C:\WINDOWS\SYSTEM32;C:\WINDOWS\WinSxS\amd64_microsoft.windows.common-controls_6595b64144ccf1df_6.0.19041.1_none_b555e41d4684ddec;C:\Users\BartArys\scoop\apps\openjdk\current\bin\server

VM Arguments:
java_command: org.jetbrains.kotlin.cli.jvm.K2JVMCompiler -Xallow-no-source-files -classpath C:\Users\BartArys\.gradle\caches\modules-2\files-2.1\org.jetbrains.kotlin\kotlin-stdlib-jdk8\1.3.70\c706d9a12aa043400daacbb15b61ba662a1eb9a9\kotlin-stdlib-jdk8-1.3.70.jar;C:\Users\BartArys\.gradle\caches\modules-2\files-2.1\org.jetbrains.kotlinx\kotlinx-serialization-runtime\0.20.0\fa78723d3114632b1563f0701162dee0d4d8d5ea\kotlinx-serialization-runtime-0.20.0.jar;C:\Users\BartArys\.gradle\caches\modules-2\files-2.1\org.jetbrains.kotlinx\kotlinx-coroutines-core\1.3.4\21598c7ceabbcafb953cd151cd5ad44615a253c0\kotlinx-coroutines-core-1.3.4.jar;C:\Users\BartArys\.gradle\caches\modules-2\files-2.1\io.github.microutils\kotlin-logging\1.7.8\f1b6b8294cd2be6bb690b87b46e829128714f95d\kotlin-logging-1.7.8.jar;C:\Users\BartArys\.gradle\caches\modules-2\files-2.1\org.jetbrains.kotlin\kotlin-stdlib-jdk7\1.3.70\95aee922bc2a0fff3b7bfa1b6503ff0afe38264a\kotlin-stdlib-jdk7-1.3.70.jar;C:\Users\BartArys\.gradle\caches\modules-2\files-2.1\org.jetbrains.kotlin\kotlin-stdlib\1.3.70\e5d97e25bb5b30dcfc022ec1c8f3959a875257fb\kotlin-stdlib-1.3.70.jar;C:\Users\BartArys\.gradle\caches\modules-2\files-2.1\org.jetbrains.kotlin\kotlin-stdlib-common\1.3.70\3fa8dd6c896d635e78201e5e811545f3846dec04\kotlin-stdlib-common-1.3.70.jar;C:\Users\BartArys\.gradle\caches\modules-2\files-2.1\org.slf4j\slf4j-api\1.7.29\e56bf4473a4c6b71c7dd397a833dce86d1993d9d\slf4j-api-1.7.29.jar;C:\Users\BartArys\.gradle\caches\modules-2\files-2.1\org.jetbrains\annotations\13.0\919f0dfe192fb4e063e7dacadee7f8bb9a2672a9\annotations-13.0.jar -d C:\Users\BartArys\Documents\GitHub\kord\common\build\classes\kotlin\main -jvm-target 1.8 -module-name common -no-reflect -no-stdlib -Xplugin=C:\Users\BartArys\.gradle\caches\modules-2\files-2.1\org.jetbrains.kotlin\kotlin-script-runtime\1.3.70\28a3923786ef1a651ebea81ff0f211dfd7436070\kotlin-script-runtime-1.3.70.jar,C:\Users\BartArys\.gradle\caches\modules-2\files-2.1\org.jetbrains.kotlin\kotlin-scr
java_class_path (initial): C:\Users\BartArys\.gradle\caches\modules-2\files-2.1\org.jetbrains.kotlin\kotlin-compiler-embeddable\1.3.70\ffdb726044ef157be84b9c003b1332430aadea9f\kotlin-compiler-embeddable-1.3.70.jar;C:\Users\BartArys\.gradle\caches\modules-2\files-2.1\org.jetbrains.kotlin\kotlin-reflect\1.3.70\75a87c4141e55abbaf418b8495550ced8894045d\kotlin-reflect-1.3.70.jar;C:\Users\BartArys\.gradle\caches\modules-2\files-2.1\org.jetbrains.kotlin\kotlin-stdlib\1.3.70\e5d97e25bb5b30dcfc022ec1c8f3959a875257fb\kotlin-stdlib-1.3.70.jar;C:\Users\BartArys\.gradle\caches\modules-2\files-2.1\org.jetbrains.kotlin\kotlin-script-runtime\1.3.70\28a3923786ef1a651ebea81ff0f211dfd7436070\kotlin-script-runtime-1.3.70.jar;C:\Users\BartArys\.gradle\caches\modules-2\files-2.1\org.jetbrains.kotlin\kotlin-daemon-embeddable\1.3.70\2e8b285baf0e62b1b61edefe61d029d535551d6a\kotlin-daemon-embeddable-1.3.70.jar;C:\Users\BartArys\.gradle\caches\modules-2\files-2.1\org.jetbrains.intellij.deps\trove4j\1.0.20181211\216c2e14b070f334479d800987affe4054cd563f\trove4j-1.0.20181211.jar;C:\Users\BartArys\.gradle\caches\modules-2\files-2.1\org.jetbrains.kotlin\kotlin-stdlib-common\1.3.70\3fa8dd6c896d635e78201e5e811545f3846dec04\kotlin-stdlib-common-1.3.70.jar;C:\Users\BartArys\.gradle\caches\modules-2\files-2.1\org.jetbrains\annotations\13.0\919f0dfe192fb4e063e7dacadee7f8bb9a2672a9\annotations-13.0.jar
Launcher Type: SUN_STANDARD

[Global flags]
     intx CICompilerCount                          = 4                                         {product} {ergonomic}
     uint ConcGCThreads                            = 3                                         {product} {ergonomic}
     uint G1ConcRefinementThreads                  = 10                                        {product} {ergonomic}
   size_t G1HeapRegionSize                         = 1048576                                   {product} {ergonomic}
    uintx GCDrainStackTargetSize                   = 64                                        {product} {ergonomic}
   size_t InitialHeapSize                          = 268435456                                 {product} {ergonomic}
   size_t MarkStackSize                            = 4194304                                   {product} {ergonomic}
   size_t MaxHeapSize                              = 4276092928                                {product} {ergonomic}
   size_t MinHeapDeltaBytes                        = 1048576                                   {product} {ergonomic}
   size_t MinHeapSize                              = 8388608                                   {product} {ergonomic}
    uintx NonNMethodCodeHeapSize                   = 5839372                                {pd product} {ergonomic}
    uintx NonProfiledCodeHeapSize                  = 122909434                              {pd product} {ergonomic}
    uintx ProfiledCodeHeapSize                     = 122909434                              {pd product} {ergonomic}
    uintx ReservedCodeCacheSize                    = 251658240                              {pd product} {ergonomic}
     bool SegmentedCodeCache                       = true                                      {product} {ergonomic}
   size_t SoftMaxHeapSize                          = 4276092928                             {manageable} {ergonomic}
     bool UseCompressedClassPointers               = true                                 {lp64_product} {ergonomic}
     bool UseCompressedOops                        = true                                 {lp64_product} {ergonomic}
     bool UseG1GC                                  = true                                      {product} {ergonomic}
     bool UseLargePagesIndividualAllocation        = false                                  {pd product} {ergonomic}

Logging:
Log output configuration:
 #0: stdout all=warning uptime,level,tags
 #1: stderr all=off uptime,level,tags

Environment Variables:
JAVA_HOME=C:\Users\BartArys\scoop\apps\openjdk\current
CLASSPATH=C:\Users\BartArys\scoop\apps\gradle\current\lib\gradle-launcher-6.5.jar
PATH=C:\Program Files (x86)\Intel\Intel(R) Management Engine Components\iCLS\;C:\Program Files\Intel\Intel(R) Management Engine Components\iCLS\;C:\Windows\system32;C:\Windows;C:\Windows\System32\Wbem;C:\Windows\System32\WindowsPowerShell\v1.0\;C:\Program Files (x86)\Intel\Intel(R) Management Engine Components\DAL;C:\Program Files\Intel\Intel(R) Management Engine Components\DAL;C:\Program Files (x86)\Intel\Intel(R) Management Engine Components\IPT;C:\Program Files\Intel\Intel(R) Management Engine Components\IPT;C:\Program Files\Intel\WiFi\bin\;C:\Program Files\Common Files\Intel\WirelessCommon\;C:\WINDOWS\system32;C:\WINDOWS;C:\WINDOWS\System32\Wbem;C:\WINDOWS\System32\WindowsPowerShell\v1.0\;C:\WINDOWS\System32\OpenSSH\;C:\Users\BartArys\scoop\apps\erlang\current\bin;C:\Users\BartArys\.mix\escripts;C:\Program Files\NVIDIA Corporation\NVIDIA NvDLISR;C:\Program Files\dotnet\;C:\Program Files\Gource\cmd;C:\Program Files\Calibre2\;C:\Program Files (x86)\NVIDIA Corporation\PhysX\Common;C:\Program Files (x86)\Yarn\bin\;C:\WINDOWS\system32;C:\WINDOWS;C:\WINDOWS\System32\Wbem;C:\WINDOWS\System32\WindowsPowerShell\v1.0\;C:\WINDOWS\System32\OpenSSH\;C:\Program Files (x86)\ZeroTier\One\;C:\Program Files\Docker\Docker\resources\bin;C:\ProgramData\DockerDesktop\version-bin;C:\Users\BartArys\AppData\Local\JetBrains\Toolbox\apps\IDEA-C\ch-0\201.6668.121\bin;C:\Users\BartArys\scoop\apps\nodejs\current\bin;C:\Users\BartArys\scoop\apps\nodejs\current;C:\Users\BartArys\scoop\apps\python\current;C:\Users\BartArys\scoop\apps\python\current\Scripts;C:\Users\BartArys\scoop\apps\openjdk\current\bin;C:\Users\BartArys\scoop\apps\yarn\current\Yarn\bin;C:\Users\BartArys\scoop\apps\yarn\current\global\node_modules\.bin;C:\Users\BartArys\scoop\apps\openjdk11\current\bin;C:\Users\BartArys\AppData\Local\Programs\Python\Launcher\;C:\Users\BartArys\scoop\shims;C:\Users\Bart Arys\scoop\apps\yarn\current\global\node_modules\.bin;C:\Users\Bart Arys\scoop\apps\yarn\current\Yarn\bin;C:\Users\Bart Arys\go\b
USERNAME=Bart Arys
OS=Windows_NT
PROCESSOR_IDENTIFIER=Intel64 Family 6 Model 158 Stepping 10, GenuineIntel



---------------  S Y S T E M  ---------------

OS: Windows 10 , 64 bit Build 19041 (10.0.19041.207)
OS uptime: 47 days 20:55 hours
HyperV virtualization detected

CPU:total 12 (initial active 12) (6 cores per cpu, 2 threads per core) family 6 model 158 stepping 10, cmov, cx8, fxsr, mmx, sse, sse2, sse3, ssse3, sse4.1, sse4.2, popcnt, avx, avx2, aes, clmul, erms, 3dnowpref, lzcnt, ht, tsc, tscinvbit, bmi1, bmi2, adx, fma

Memory: 4k page, system-wide physical 16306M (495M free)
TotalPageFile size 46678M (AvailPageFile size 43M)
current process WorkingSet (physical memory assigned to process): 11M, peak: 11M
current process commit charge ("private bytes"): 65M, peak: 321M

vm_info: OpenJDK 64-Bit Server VM (14+36-1461) for windows-amd64 JRE (14+36-1461), built on Feb  6 2020 19:03:18 by "mach5one" with MS VC++ 15.9 (VS2017)

END.
